{"/Users/briantbailey/Desktop/week14demo/jest-unit-testing/src/math.js": {"path":"/Users/briantbailey/Desktop/week14demo/jest-unit-testing/src/math.js","statementMap":{"0":{"start":{"line":2,"column":2},"end":{"line":7,"column":5}},"1":{"start":{"line":3,"column":4},"end":{"line":5,"column":5}},"2":{"start":{"line":4,"column":6},"end":{"line":4,"column":50}},"3":{"start":{"line":6,"column":4},"end":{"line":6,"column":21}},"4":{"start":{"line":11,"column":2},"end":{"line":15,"column":3}},"5":{"start":{"line":12,"column":4},"end":{"line":12,"column":16}},"6":{"start":{"line":14,"column":4},"end":{"line":14,"column":17}},"7":{"start":{"line":19,"column":2},"end":{"line":19,"column":31}},"8":{"start":{"line":23,"column":2},"end":{"line":23,"column":21}},"9":{"start":{"line":26,"column":0},"end":{"line":31,"column":2}}},"fnMap":{"0":{"name":"sum","decl":{"start":{"line":1,"column":9},"end":{"line":1,"column":12}},"loc":{"start":{"line":1,"column":22},"end":{"line":8,"column":1}},"line":1},"1":{"name":"(anonymous_1)","decl":{"start":{"line":2,"column":21},"end":{"line":2,"column":22}},"loc":{"start":{"line":2,"column":35},"end":{"line":7,"column":3}},"line":2},"2":{"name":"gt","decl":{"start":{"line":10,"column":9},"end":{"line":10,"column":11}},"loc":{"start":{"line":10,"column":18},"end":{"line":16,"column":1}},"line":10},"3":{"name":"divide","decl":{"start":{"line":18,"column":9},"end":{"line":18,"column":15}},"loc":{"start":{"line":18,"column":22},"end":{"line":20,"column":1}},"line":18},"4":{"name":"addString","decl":{"start":{"line":22,"column":9},"end":{"line":22,"column":18}},"loc":{"start":{"line":22,"column":25},"end":{"line":24,"column":1}},"line":22}},"branchMap":{"0":{"loc":{"start":{"line":3,"column":4},"end":{"line":5,"column":5}},"type":"if","locations":[{"start":{"line":3,"column":4},"end":{"line":5,"column":5}},{"start":{},"end":{}}],"line":3},"1":{"loc":{"start":{"line":11,"column":2},"end":{"line":15,"column":3}},"type":"if","locations":[{"start":{"line":11,"column":2},"end":{"line":15,"column":3}},{"start":{"line":13,"column":9},"end":{"line":15,"column":3}}],"line":11},"2":{"loc":{"start":{"line":19,"column":9},"end":{"line":19,"column":30}},"type":"cond-expr","locations":[{"start":{"line":19,"column":19},"end":{"line":19,"column":22}},{"start":{"line":19,"column":25},"end":{"line":19,"column":30}}],"line":19}},"s":{"0":5,"1":5,"2":1,"3":4,"4":3,"5":1,"6":2,"7":2,"8":1,"9":1},"f":{"0":5,"1":5,"2":3,"3":2,"4":1},"b":{"0":[1,4],"1":[1,2],"2":[1,1]},"_coverageSchema":"1a1c01bbd47fc00a2c39e90264f33305004495a9","hash":"9a44dd061c6caea1efbf39ff17385b64f2dfcfad"}
}
